<?xml version="1.0" encoding="UTF-8"?>
<testsuite xmlns:xsi="http://www.w3.org/2001/XMLSchema-instance" xsi:noNamespaceSchemaLocation="https://maven.apache.org/surefire/maven-surefire-plugin/xsd/surefire-test-report.xsd" name="CucumberTest.testRunners.V5cm.ChannelBigCommerceV3Runner" time="11.108" tests="2" errors="0" skipped="0" failures="0">
  <properties>
[...]
</properties>
  <testcase name="Successful Login with Valid Credentials" classname="BigCommerce channel test for V5-Contextual" time="9.456"/>
  <testcase name="TearDown" classname="BigCommerce channel test for V5-Contextual" time="0.824"/>
</testsuite>